<?xml version="1.0" encoding="UTF-8"?>
<!-- Generated by org.testng.reporters.JUnitReportReporter -->
<testsuite skipped="0" hostname="Prem" name="utilities.Runner" tests="1" failures="0" timestamp="2020-03-24T11:40:55 IST" time="3.000" errors="0">
  <testcase name="feature" time="3.000" classname="utilities.Runner"/>
</testsuite> <!-- utilities.Runner -->
