<?xml version="1.0" encoding="UTF-8"?>
<!-- Generated by org.testng.reporters.JUnitReportReporter -->
<testsuite name="utilities.Runner" tests="1" time="2.869" ignored="0" failures="0" timestamp="23 Mar 2020 10:17:23 GMT" skipped="0" hostname="Prem" errors="0">
  <testcase name="feature" time="2.869" classname="utilities.Runner"/>
</testsuite> <!-- utilities.Runner -->
